<?xml version="1.0" encoding="utf-8"?><testsuites name="pytest tests"><testsuite name="pytest" errors="0" failures="0" skipped="0" tests="27" time="4.200" timestamp="2026-04-01T00:29:03.028755+00:00" hostname="agent-env-37ec2000-911e-4cff-a4c9-e5207667a818"><testcase classname="backend.tests.test_whatcem_sandbox_api.TestHealthAndRoot" name="test_api_root_returns_online_message" time="0.127" /><testcase classname="backend.tests.test_whatcem_sandbox_api.TestLeadAssignmentEndpoints" name="test_get_lead_assignment_rules" time="0.131" /><testcase classname="backend.tests.test_whatcem_sandbox_api.TestLeadAssignmentEndpoints" name="test_post_lead_assignment_rules" time="0.256" /><testcase classname="backend.tests.test_whatcem_sandbox_api.TestLeadAssignmentEndpoints" name="test_get_lead_assignment_events" time="0.142" /><testcase classname="backend.tests.test_whatcem_sandbox_api.TestLeadAssignmentEndpoints" name="test_post_notifications_test" time="0.237" /><testcase classname="backend.tests.test_whatcem_sandbox_api.TestLeadAssignmentEndpoints" name="test_post_notifications_test_requires_phone" time="0.117" /><testcase classname="backend.tests.test_whatcem_sandbox_api.TestLeadAssignmentEndpoints" name="test_post_auto_assign_pending" time="0.136" /><testcase classname="backend.tests.test_whatcem_sandbox_api.TestLeadAssignmentEndpoints" name="test_get_lead_assignment_metrics" time="0.133" /><testcase classname="backend.tests.test_whatcem_sandbox_api.TestCampaignAIEndpoints" name="test_post_validate_whatsapp_content" time="0.129" /><testcase classname="backend.tests.test_whatcem_sandbox_api.TestCampaignAIEndpoints" name="test_post_validate_whatsapp_content_empty" time="0.114" /><testcase classname="backend.tests.test_whatcem_sandbox_api.TestCampaignAIEndpoints" name="test_post_ai_optimize_content" time="0.136" /><testcase classname="backend.tests.test_whatcem_sandbox_api.TestCampaignAIEndpoints" name="test_post_ai_generate_variations" time="0.110" /><testcase classname="backend.tests.test_whatcem_sandbox_api.TestCampaignAIEndpoints" name="test_post_ai_recommend_schedule" time="0.118" /><testcase classname="backend.tests.test_whatcem_sandbox_api.TestCampaignAIEndpoints" name="test_post_create_campaign" time="0.126" /><testcase classname="backend.tests.test_whatcem_sandbox_api.TestCampaignAIEndpoints" name="test_post_start_campaign" time="0.273" /><testcase classname="backend.tests.test_whatcem_sandbox_api.TestCampaignAIEndpoints" name="test_post_start_campaign_not_found" time="0.110" /><testcase classname="backend.tests.test_whatcem_sandbox_api.TestCampaignAIEndpoints" name="test_get_campaigns_stats" time="0.094" /><testcase classname="backend.tests.test_whatcem_sandbox_api.TestVoiceCampaignEndpoints" name="test_get_voice_campaigns" time="0.141" /><testcase classname="backend.tests.test_whatcem_sandbox_api.TestVoiceCampaignEndpoints" name="test_post_create_voice_campaign" time="0.119" /><testcase classname="backend.tests.test_whatcem_sandbox_api.TestVoiceCampaignEndpoints" name="test_post_start_voice_campaign" time="0.286" /><testcase classname="backend.tests.test_whatcem_sandbox_api.TestVoiceCampaignEndpoints" name="test_post_start_voice_campaign_not_found" time="0.138" /><testcase classname="backend.tests.test_whatcem_sandbox_api.TestVoiceCampaignEndpoints" name="test_get_voice_campaign_calls" time="0.340" /><testcase classname="backend.tests.test_whatcem_sandbox_api.TestVoiceCampaignEndpoints" name="test_post_voice_test_call" time="0.098" /><testcase classname="backend.tests.test_whatcem_sandbox_api.TestVoiceCampaignEndpoints" name="test_get_voice_campaigns_stats" time="0.133" /><testcase classname="backend.tests.test_whatcem_sandbox_api.TestAnalyticsBIEndpoints" name="test_get_analytics_overview" time="0.149" /><testcase classname="backend.tests.test_whatcem_sandbox_api.TestChannelConnections" name="test_post_create_channel_connection" time="0.131" /><testcase classname="backend.tests.test_whatcem_sandbox_api.TestChannelConnections" name="test_post_create_channel_connection_requires_type" time="0.101" /></testsuite></testsuites>